<?xml version="1.0" encoding="utf-8"?>
<test-run id="0" testcasecount="5" total="5" passed="5" failed="0" inconclusive="0" skipped="0" asserts="10" result="Passed" portable-engine-version="3.3.0.0" start-time="2017-02-18 17:19:58Z" end-time="2017-02-18 17:20:00Z" duration="1.456114">
  <test-run id="0" testcasecount="5" total="5" passed="5" failed="0" inconclusive="0" skipped="0" asserts="10" result="Passed" portable-engine-version="3.3.0.0" start-time="2017-02-18 17:19:58Z" end-time="2017-02-18 17:20:00Z" duration="1.343406">
    <test-suite type="Assembly" id="1010" name="netcore.cms.dll" fullname="/Users/rgparkins/dev/saucar/netcore.cms/bin/Debug/netcoreapp1.1/netcore.cms.dll" runstate="Runnable" testcasecount="5" result="Passed" start-time="2017-02-18 17:19:58Z" end-time="2017-02-18 17:20:00Z" duration="1.315091" total="5" passed="5" failed="0" warnings="0" inconclusive="0" skipped="0" asserts="10">
      <environment framework-version="3.6.0.0" clr-version=".NET Core 4.6.24628.01" os-version="Darwin 15.5.0 Darwin Kernel Version 15.5.0: Tue Apr 19 18:36:36 PDT 2016; root:xnu-3248.50.21~8/RELEASE_X86_64" cwd="/Users/rgparkins/dev/saucar/netcore.cms" machine-name="RichardsMBP5942" culture="en-GB" uiculture="en-GB" os-architecture="X64" />
      <settings>
        <setting name="WorkDirectory" value="/Users/rgparkins/dev/saucar/netcore.cms" />
      </settings>
      <test-suite type="TestSuite" id="1011" name="Parkwell" fullname="Parkwell" runstate="Runnable" testcasecount="5" result="Passed" start-time="2017-02-18 17:19:58Z" end-time="2017-02-18 17:20:00Z" duration="1.307290" total="5" passed="5" failed="0" warnings="0" inconclusive="0" skipped="0" asserts="10">
        <test-suite type="TestSuite" id="1012" name="cms" fullname="Parkwell.cms" runstate="Runnable" testcasecount="5" result="Passed" start-time="2017-02-18 17:19:58Z" end-time="2017-02-18 17:20:00Z" duration="1.307093" total="5" passed="5" failed="0" warnings="0" inconclusive="0" skipped="0" asserts="10">
          <test-suite type="TestSuite" id="1013" name="tests" fullname="Parkwell.cms.tests" runstate="Runnable" testcasecount="5" result="Passed" start-time="2017-02-18 17:19:58Z" end-time="2017-02-18 17:20:00Z" duration="1.306981" total="5" passed="5" failed="0" warnings="0" inconclusive="0" skipped="0" asserts="10">
            <test-suite type="TestSuite" id="1015" name="infrastructure" fullname="Parkwell.cms.tests.infrastructure" runstate="Runnable" testcasecount="2" result="Passed" start-time="2017-02-18 17:19:58Z" end-time="2017-02-18 17:19:59Z" duration="0.548294" total="2" passed="2" failed="0" warnings="0" inconclusive="0" skipped="0" asserts="4">
              <test-suite type="TestFixture" id="1006" name="Health_endpoint" fullname="Parkwell.cms.tests.infrastructure.Health_endpoint" classname="Parkwell.cms.tests.infrastructure.Health_endpoint" runstate="Runnable" testcasecount="1" result="Passed" start-time="2017-02-18 17:19:58Z" end-time="2017-02-18 17:19:59Z" duration="0.537042" total="1" passed="1" failed="0" warnings="0" inconclusive="0" skipped="0" asserts="2">
                <test-case id="1007" name="Health_is_retrieved" fullname="Parkwell.cms.tests.infrastructure.Health_endpoint.Health_is_retrieved" methodname="Health_is_retrieved" classname="Parkwell.cms.tests.infrastructure.Health_endpoint" runstate="Runnable" seed="1327549487" result="Passed" start-time="2017-02-18 17:19:59Z" end-time="2017-02-18 17:19:59Z" duration="0.018236" asserts="2" />
              </test-suite>
              <test-suite type="TestFixture" id="1008" name="Status_endpoint" fullname="Parkwell.cms.tests.infrastructure.Status_endpoint" classname="Parkwell.cms.tests.infrastructure.Status_endpoint" runstate="Runnable" testcasecount="1" result="Passed" start-time="2017-02-18 17:19:59Z" end-time="2017-02-18 17:19:59Z" duration="0.007640" total="1" passed="1" failed="0" warnings="0" inconclusive="0" skipped="0" asserts="2">
                <test-case id="1009" name="Status_is_retrieved" fullname="Parkwell.cms.tests.infrastructure.Status_endpoint.Status_is_retrieved" methodname="Status_is_retrieved" classname="Parkwell.cms.tests.infrastructure.Status_endpoint" runstate="Runnable" seed="748352612" result="Passed" start-time="2017-02-18 17:19:59Z" end-time="2017-02-18 17:19:59Z" duration="0.000436" asserts="2" />
              </test-suite>
            </test-suite>
            <test-suite type="TestSuite" id="1014" name="product" fullname="Parkwell.cms.tests.product" runstate="Runnable" testcasecount="3" result="Passed" start-time="2017-02-18 17:19:59Z" end-time="2017-02-18 17:20:00Z" duration="0.758448" total="3" passed="3" failed="0" warnings="0" inconclusive="0" skipped="0" asserts="6">
              <test-suite type="TestFixture" id="1000" name="Adding_already_existing_product" fullname="Parkwell.cms.tests.product.Adding_already_existing_product" classname="Parkwell.cms.tests.product.Adding_already_existing_product" runstate="Runnable" testcasecount="1" result="Passed" start-time="2017-02-18 17:19:59Z" end-time="2017-02-18 17:20:00Z" duration="0.634710" total="1" passed="1" failed="0" warnings="0" inconclusive="0" skipped="0" asserts="1">
                <test-case id="1001" name="The_product_is_retrieved" fullname="Parkwell.cms.tests.product.Adding_already_existing_product.The_product_is_retrieved" methodname="The_product_is_retrieved" classname="Parkwell.cms.tests.product.Adding_already_existing_product" runstate="Runnable" seed="650834432" result="Passed" start-time="2017-02-18 17:20:00Z" end-time="2017-02-18 17:20:00Z" duration="0.000204" asserts="1" />
              </test-suite>
              <test-suite type="TestFixture" id="1002" name="adding_invalid_product" fullname="Parkwell.cms.tests.product.adding_invalid_product" classname="Parkwell.cms.tests.product.adding_invalid_product" runstate="Runnable" testcasecount="1" result="Passed" start-time="2017-02-18 17:20:00Z" end-time="2017-02-18 17:20:00Z" duration="0.038115" total="1" passed="1" failed="0" warnings="0" inconclusive="0" skipped="0" asserts="1">
                <test-case id="1003" name="The_response_indicates_failure" fullname="Parkwell.cms.tests.product.adding_invalid_product.The_response_indicates_failure" methodname="The_response_indicates_failure" classname="Parkwell.cms.tests.product.adding_invalid_product" runstate="Runnable" seed="1488065424" result="Passed" start-time="2017-02-18 17:20:00Z" end-time="2017-02-18 17:20:00Z" duration="0.000242" asserts="1" />
              </test-suite>
              <test-suite type="TestFixture" id="1004" name="Adding_unqiue_product" fullname="Parkwell.cms.tests.product.Adding_unqiue_product" classname="Parkwell.cms.tests.product.Adding_unqiue_product" runstate="Runnable" testcasecount="1" result="Passed" start-time="2017-02-18 17:20:00Z" end-time="2017-02-18 17:20:00Z" duration="0.084061" total="1" passed="1" failed="0" warnings="0" inconclusive="0" skipped="0" asserts="4">
                <test-case id="1005" name="The_product_is_retrieved" fullname="Parkwell.cms.tests.product.Adding_unqiue_product.The_product_is_retrieved" methodname="The_product_is_retrieved" classname="Parkwell.cms.tests.product.Adding_unqiue_product" runstate="Runnable" seed="1753350616" result="Passed" start-time="2017-02-18 17:20:00Z" end-time="2017-02-18 17:20:00Z" duration="0.002372" asserts="4" />
              </test-suite>
            </test-suite>
          </test-suite>
        </test-suite>
      </test-suite>
    </test-suite>
  </test-run>
</test-run>