<?xml version="1.0" encoding="utf-8"?>
<test-run id="0" testcasecount="1" total="1" passed="1" failed="0" inconclusive="0" skipped="0" asserts="3" result="Passed" portable-engine-version="3.3.0.0" start-time="2017-02-23 08:48:11Z" end-time="2017-02-23 08:49:52Z" duration="100.863267">
  <test-run id="0" testcasecount="1" total="1" passed="1" failed="0" inconclusive="0" skipped="0" asserts="3" result="Passed" portable-engine-version="3.3.0.0" start-time="2017-02-23 08:48:12Z" end-time="2017-02-23 08:49:52Z" duration="100.415916">
    <test-suite type="Assembly" id="1012" name="netcore.cms.dll" fullname="/Users/rgparkins/dev/saucar/netcore.cms/bin/Debug/netcoreapp1.1/netcore.cms.dll" runstate="Runnable" testcasecount="6" result="Passed" start-time="2017-02-23 08:48:12Z" end-time="2017-02-23 08:49:52Z" duration="100.381878" total="1" passed="1" failed="0" warnings="0" inconclusive="0" skipped="0" asserts="3">
      <environment framework-version="3.6.0.0" clr-version=".NET Core 4.6.24628.01" os-version="Darwin 15.5.0 Darwin Kernel Version 15.5.0: Tue Apr 19 18:36:36 PDT 2016; root:xnu-3248.50.21~8/RELEASE_X86_64" cwd="/Users/rgparkins/dev/saucar/netcore.cms" machine-name="Richards-MacBook-Pro-5942" culture="" uiculture="" os-architecture="X64" />
      <settings>
        <setting name="WorkDirectory" value="/Users/rgparkins/dev/saucar/netcore.cms" />
      </settings>
      <test-suite type="TestSuite" id="1013" name="Parkwell" fullname="Parkwell" runstate="Runnable" testcasecount="6" result="Passed" start-time="2017-02-23 08:48:12Z" end-time="2017-02-23 08:49:52Z" duration="100.372227" total="1" passed="1" failed="0" warnings="0" inconclusive="0" skipped="0" asserts="3">
        <test-suite type="TestSuite" id="1014" name="cms" fullname="Parkwell.cms" runstate="Runnable" testcasecount="6" result="Passed" start-time="2017-02-23 08:48:12Z" end-time="2017-02-23 08:49:52Z" duration="100.371996" total="1" passed="1" failed="0" warnings="0" inconclusive="0" skipped="0" asserts="3">
          <test-suite type="TestSuite" id="1015" name="tests" fullname="Parkwell.cms.tests" runstate="Runnable" testcasecount="6" result="Passed" start-time="2017-02-23 08:48:12Z" end-time="2017-02-23 08:49:52Z" duration="100.371880" total="1" passed="1" failed="0" warnings="0" inconclusive="0" skipped="0" asserts="3">
            <test-suite type="TestSuite" id="1016" name="product" fullname="Parkwell.cms.tests.product" runstate="Runnable" testcasecount="4" result="Passed" start-time="2017-02-23 08:48:12Z" end-time="2017-02-23 08:49:52Z" duration="100.371737" total="1" passed="1" failed="0" warnings="0" inconclusive="0" skipped="0" asserts="3">
              <test-suite type="TestFixture" id="1000" name="Adding_metadata" fullname="Parkwell.cms.tests.product.Adding_metadata" classname="Parkwell.cms.tests.product.Adding_metadata" runstate="Runnable" testcasecount="1" result="Passed" start-time="2017-02-23 08:48:12Z" end-time="2017-02-23 08:49:52Z" duration="100.367961" total="1" passed="1" failed="0" warnings="0" inconclusive="0" skipped="0" asserts="3">
                <test-case id="1001" name="The_metadata_is_retrieved" fullname="Parkwell.cms.tests.product.Adding_metadata.The_metadata_is_retrieved" methodname="The_metadata_is_retrieved" classname="Parkwell.cms.tests.product.Adding_metadata" runstate="Runnable" seed="1229719943" result="Passed" start-time="2017-02-23 08:49:20Z" end-time="2017-02-23 08:49:52Z" duration="32.060565" asserts="3" />
              </test-suite>
            </test-suite>
          </test-suite>
        </test-suite>
      </test-suite>
    </test-suite>
  </test-run>
</test-run>