<?xml version="1.0" encoding="utf-8"?>
<test-run id="0" testcasecount="6" total="6" passed="6" failed="0" inconclusive="0" skipped="0" asserts="17" result="Passed" portable-engine-version="3.3.0.0" start-time="2017-03-30 20:33:37Z" end-time="2017-03-30 20:33:39Z" duration="1.490498">
  <test-run id="0" testcasecount="6" total="6" passed="6" failed="0" inconclusive="0" skipped="0" asserts="17" result="Passed" portable-engine-version="3.3.0.0" start-time="2017-03-30 20:33:37Z" end-time="2017-03-30 20:33:39Z" duration="1.372165">
    <test-suite type="Assembly" id="1012" name="netcore.cms.dll" fullname="/Users/rgparkins/dev/saucar/netcore.cms/bin/Debug/netcoreapp1.1/netcore.cms.dll" runstate="Runnable" testcasecount="6" result="Passed" start-time="2017-03-30 20:33:37Z" end-time="2017-03-30 20:33:39Z" duration="1.347171" total="6" passed="6" failed="0" warnings="0" inconclusive="0" skipped="0" asserts="17">
      <environment framework-version="3.6.0.0" clr-version=".NET Core 4.6.24628.01" os-version="Darwin 15.5.0 Darwin Kernel Version 15.5.0: Tue Apr 19 18:36:36 PDT 2016; root:xnu-3248.50.21~8/RELEASE_X86_64" cwd="/Users/rgparkins/dev/saucar/netcore.cms" machine-name="RichardsMBP5942" culture="en-GB" uiculture="en-GB" os-architecture="X64" />
      <settings>
        <setting name="WorkDirectory" value="/Users/rgparkins/dev/saucar/netcore.cms" />
      </settings>
      <test-suite type="TestSuite" id="1013" name="rgparkins" fullname="rgparkins" runstate="Runnable" testcasecount="6" result="Passed" start-time="2017-03-30 20:33:37Z" end-time="2017-03-30 20:33:39Z" duration="1.339955" total="6" passed="6" failed="0" warnings="0" inconclusive="0" skipped="0" asserts="17">
        <test-suite type="TestSuite" id="1014" name="cms" fullname="rgparkins.cms" runstate="Runnable" testcasecount="6" result="Passed" start-time="2017-03-30 20:33:37Z" end-time="2017-03-30 20:33:39Z" duration="1.339747" total="6" passed="6" failed="0" warnings="0" inconclusive="0" skipped="0" asserts="17">
          <test-suite type="TestSuite" id="1015" name="tests" fullname="rgparkins.cms.tests" runstate="Runnable" testcasecount="6" result="Passed" start-time="2017-03-30 20:33:37Z" end-time="2017-03-30 20:33:39Z" duration="1.339627" total="6" passed="6" failed="0" warnings="0" inconclusive="0" skipped="0" asserts="17">
            <test-suite type="TestSuite" id="1017" name="infrastructure" fullname="rgparkins.cms.tests.infrastructure" runstate="Runnable" testcasecount="2" result="Passed" start-time="2017-03-30 20:33:37Z" end-time="2017-03-30 20:33:38Z" duration="0.530492" total="2" passed="2" failed="0" warnings="0" inconclusive="0" skipped="0" asserts="4">
              <test-suite type="TestFixture" id="1008" name="Health_endpoint" fullname="rgparkins.cms.tests.infrastructure.Health_endpoint" classname="rgparkins.cms.tests.infrastructure.Health_endpoint" runstate="Runnable" testcasecount="1" result="Passed" start-time="2017-03-30 20:33:37Z" end-time="2017-03-30 20:33:38Z" duration="0.519144" total="1" passed="1" failed="0" warnings="0" inconclusive="0" skipped="0" asserts="2">
                <test-case id="1009" name="Health_is_retrieved" fullname="rgparkins.cms.tests.infrastructure.Health_endpoint.Health_is_retrieved" methodname="Health_is_retrieved" classname="rgparkins.cms.tests.infrastructure.Health_endpoint" runstate="Runnable" seed="777008913" result="Passed" start-time="2017-03-30 20:33:38Z" end-time="2017-03-30 20:33:38Z" duration="0.016785" asserts="2" />
              </test-suite>
              <test-suite type="TestFixture" id="1010" name="Status_endpoint" fullname="rgparkins.cms.tests.infrastructure.Status_endpoint" classname="rgparkins.cms.tests.infrastructure.Status_endpoint" runstate="Runnable" testcasecount="1" result="Passed" start-time="2017-03-30 20:33:38Z" end-time="2017-03-30 20:33:38Z" duration="0.007931" total="1" passed="1" failed="0" warnings="0" inconclusive="0" skipped="0" asserts="2">
                <test-case id="1011" name="Status_is_retrieved" fullname="rgparkins.cms.tests.infrastructure.Status_endpoint.Status_is_retrieved" methodname="Status_is_retrieved" classname="rgparkins.cms.tests.infrastructure.Status_endpoint" runstate="Runnable" seed="1833263208" result="Passed" start-time="2017-03-30 20:33:38Z" end-time="2017-03-30 20:33:38Z" duration="0.000378" asserts="2" />
              </test-suite>
            </test-suite>
            <test-suite type="TestSuite" id="1016" name="product" fullname="rgparkins.cms.tests.product" runstate="Runnable" testcasecount="4" result="Passed" start-time="2017-03-30 20:33:38Z" end-time="2017-03-30 20:33:39Z" duration="0.808877" total="4" passed="4" failed="0" warnings="0" inconclusive="0" skipped="0" asserts="13">
              <test-suite type="TestFixture" id="1002" name="Adding_already_existing_product" fullname="rgparkins.cms.tests.product.Adding_already_existing_product" classname="rgparkins.cms.tests.product.Adding_already_existing_product" runstate="Runnable" testcasecount="1" result="Passed" start-time="2017-03-30 20:33:38Z" end-time="2017-03-30 20:33:39Z" duration="0.605615" total="1" passed="1" failed="0" warnings="0" inconclusive="0" skipped="0" asserts="1">
                <test-case id="1003" name="The_product_is_retrieved" fullname="rgparkins.cms.tests.product.Adding_already_existing_product.The_product_is_retrieved" methodname="The_product_is_retrieved" classname="rgparkins.cms.tests.product.Adding_already_existing_product" runstate="Runnable" seed="1356144182" result="Passed" start-time="2017-03-30 20:33:39Z" end-time="2017-03-30 20:33:39Z" duration="0.000242" asserts="1" />
              </test-suite>
              <test-suite type="TestFixture" id="1004" name="adding_invalid_product" fullname="rgparkins.cms.tests.product.adding_invalid_product" classname="rgparkins.cms.tests.product.adding_invalid_product" runstate="Runnable" testcasecount="1" result="Passed" start-time="2017-03-30 20:33:39Z" end-time="2017-03-30 20:33:39Z" duration="0.038649" total="1" passed="1" failed="0" warnings="0" inconclusive="0" skipped="0" asserts="2">
                <test-case id="1005" name="The_response_indicates_failure" fullname="rgparkins.cms.tests.product.adding_invalid_product.The_response_indicates_failure" methodname="The_response_indicates_failure" classname="rgparkins.cms.tests.product.adding_invalid_product" runstate="Runnable" seed="803952501" result="Passed" start-time="2017-03-30 20:33:39Z" end-time="2017-03-30 20:33:39Z" duration="0.000457" asserts="2" />
              </test-suite>
              <test-suite type="TestFixture" id="1000" name="Adding_metadata" fullname="rgparkins.cms.tests.product.Adding_metadata" classname="rgparkins.cms.tests.product.Adding_metadata" runstate="Runnable" testcasecount="1" result="Passed" start-time="2017-03-30 20:33:39Z" end-time="2017-03-30 20:33:39Z" duration="0.151879" total="1" passed="1" failed="0" warnings="0" inconclusive="0" skipped="0" asserts="6">
                <test-case id="1001" name="The_metadata_is_retrieved" fullname="rgparkins.cms.tests.product.Adding_metadata.The_metadata_is_retrieved" methodname="The_metadata_is_retrieved" classname="rgparkins.cms.tests.product.Adding_metadata" runstate="Runnable" seed="166099471" result="Passed" start-time="2017-03-30 20:33:39Z" end-time="2017-03-30 20:33:39Z" duration="0.008136" asserts="6" />
              </test-suite>
              <test-suite type="TestFixture" id="1006" name="Adding_unqiue_product" fullname="rgparkins.cms.tests.product.Adding_unqiue_product" classname="rgparkins.cms.tests.product.Adding_unqiue_product" runstate="Runnable" testcasecount="1" result="Passed" start-time="2017-03-30 20:33:39Z" end-time="2017-03-30 20:33:39Z" duration="0.011768" total="1" passed="1" failed="0" warnings="0" inconclusive="0" skipped="0" asserts="4">
                <test-case id="1007" name="The_product_is_retrieved" fullname="rgparkins.cms.tests.product.Adding_unqiue_product.The_product_is_retrieved" methodname="The_product_is_retrieved" classname="rgparkins.cms.tests.product.Adding_unqiue_product" runstate="Runnable" seed="1227937736" result="Passed" start-time="2017-03-30 20:33:39Z" end-time="2017-03-30 20:33:39Z" duration="0.000636" asserts="4" />
              </test-suite>
            </test-suite>
          </test-suite>
        </test-suite>
      </test-suite>
    </test-suite>
  </test-run>
</test-run>