<?xml version="1.0" encoding="utf-8"?>
<test-run id="0" testcasecount="1" total="1" passed="1" failed="0" inconclusive="0" skipped="0" asserts="2" result="Passed" portable-engine-version="3.3.0.0" start-time="2017-02-15 13:56:50Z" end-time="2017-02-15 13:56:51Z" duration="0.433649">
  <test-run id="0" testcasecount="1" total="1" passed="1" failed="0" inconclusive="0" skipped="0" asserts="2" result="Passed" portable-engine-version="3.3.0.0" start-time="2017-02-15 13:56:50Z" end-time="2017-02-15 13:56:51Z" duration="0.353279">
    <test-suite type="Assembly" id="1002" name="netcore.cms.dll" fullname="/Users/rgparkins/dev/saucar/netcore.cms/bin/Debug/netcoreapp1.1/netcore.cms.dll" runstate="Runnable" testcasecount="1" result="Passed" start-time="2017-02-15 13:56:50Z" end-time="2017-02-15 13:56:51Z" duration="0.329861" total="1" passed="1" failed="0" warnings="0" inconclusive="0" skipped="0" asserts="2">
      <environment framework-version="3.6.0.0" clr-version=".NET Core 4.6.24628.01" os-version="Darwin 15.5.0 Darwin Kernel Version 15.5.0: Tue Apr 19 18:36:36 PDT 2016; root:xnu-3248.50.21~8/RELEASE_X86_64" cwd="/Users/rgparkins/dev/saucar/netcore.cms" machine-name="RichardsMBP5942" culture="" uiculture="" os-architecture="X64" />
      <settings>
        <setting name="WorkDirectory" value="/Users/rgparkins/dev/saucar/netcore.cms" />
      </settings>
      <test-suite type="TestSuite" id="1003" name="Parkwell" fullname="Parkwell" runstate="Runnable" testcasecount="1" result="Passed" start-time="2017-02-15 13:56:50Z" end-time="2017-02-15 13:56:51Z" duration="0.322988" total="1" passed="1" failed="0" warnings="0" inconclusive="0" skipped="0" asserts="2">
        <test-suite type="TestSuite" id="1004" name="cms" fullname="Parkwell.cms" runstate="Runnable" testcasecount="1" result="Passed" start-time="2017-02-15 13:56:50Z" end-time="2017-02-15 13:56:51Z" duration="0.322801" total="1" passed="1" failed="0" warnings="0" inconclusive="0" skipped="0" asserts="2">
          <test-suite type="TestSuite" id="1005" name="tests" fullname="Parkwell.cms.tests" runstate="Runnable" testcasecount="1" result="Passed" start-time="2017-02-15 13:56:50Z" end-time="2017-02-15 13:56:51Z" duration="0.322693" total="1" passed="1" failed="0" warnings="0" inconclusive="0" skipped="0" asserts="2">
            <test-suite type="TestSuite" id="1006" name="infrastructure" fullname="Parkwell.cms.tests.infrastructure" runstate="Runnable" testcasecount="1" result="Passed" start-time="2017-02-15 13:56:50Z" end-time="2017-02-15 13:56:51Z" duration="0.322555" total="1" passed="1" failed="0" warnings="0" inconclusive="0" skipped="0" asserts="2">
              <test-suite type="TestFixture" id="1000" name="Status_endpoint" fullname="Parkwell.cms.tests.infrastructure.Status_endpoint" classname="Parkwell.cms.tests.infrastructure.Status_endpoint" runstate="Runnable" testcasecount="1" result="Passed" start-time="2017-02-15 13:56:50Z" end-time="2017-02-15 13:56:51Z" duration="0.319502" total="1" passed="1" failed="0" warnings="0" inconclusive="0" skipped="0" asserts="2">
                <test-case id="1001" name="Status_is_retrieved" fullname="Parkwell.cms.tests.infrastructure.Status_endpoint.Status_is_retrieved" methodname="Status_is_retrieved" classname="Parkwell.cms.tests.infrastructure.Status_endpoint" runstate="Runnable" seed="79921162" result="Passed" start-time="2017-02-15 13:56:51Z" end-time="2017-02-15 13:56:51Z" duration="0.016068" asserts="2" />
              </test-suite>
            </test-suite>
          </test-suite>
        </test-suite>
      </test-suite>
    </test-suite>
  </test-run>
</test-run>